<?xml version="1.0" encoding="UTF-8"?>
<!-- Generated by org.testng.reporters.JUnitReportReporter -->
<testsuite hostname="RahimIsa" failures="0" tests="1" name="org.example.VerifyFilterAndSearchTest" time="5.785" errors="0" timestamp="2022-09-03T14:54:30 CEST" skipped="0">
  <testcase classname="org.example.VerifyFilterAndSearchTest" name="verifyBrandName" time="5.785"/>
  <system-out/>
</testsuite> <!-- org.example.VerifyFilterAndSearchTest -->
